2021-01-17 14:36:48,357 [INFO ]  Starting Rasa server on http://localhost:5005
2021-01-17 14:36:48,359 [INFO ]  Loading model models/nlu-20210117-133947.tar.gz...
2021-01-17 14:36:49,897 [INFO ]  Loading model models/nlu-20210117-133947.tar.gz...
2021-01-17 14:36:54,536 [INFO ]  Rasa server is up and running.
2021-01-17 14:37:08,478 [INFO ]  Starting Rasa server on http://localhost:5005
2021-01-17 14:37:08,480 [INFO ]  Loading model models/nlu-20210117-133947.tar.gz...
2021-01-17 14:37:27,972 [INFO ]  Starting Rasa server on http://localhost:5005
2021-01-17 14:37:27,973 [INFO ]  Loading model models/nlu-20210117-133947.tar.gz...
2021-01-17 14:37:29,562 [INFO ]  Loading model models/nlu-20210117-133947.tar.gz...
2021-01-17 14:37:33,793 [INFO ]  Rasa server is up and running.
2021-01-17 14:37:33,794 [ERROR]  Unable to start server
Traceback (most recent call last):
  File "/home/gabriella/coding/novo/venv/lib/python3.8/site-packages/sanic/server.py", line 891, in serve
    http_server = loop.run_until_complete(server_coroutine)
  File "uvloop/loop.pyx", line 1456, in uvloop.loop.Loop.run_until_complete
  File "uvloop/loop.pyx", line 1727, in create_server
OSError: [Errno 98] error while attempting to bind on address ('0.0.0.0', 5005): address already in use
2021-01-17 14:38:01,259 [INFO ]  Starting Rasa server on http://localhost:5005
2021-01-17 14:38:01,260 [INFO ]  Loading model models/nlu-20210117-133947.tar.gz...
2021-01-17 14:38:02,842 [INFO ]  Loading model models/nlu-20210117-133947.tar.gz...
2021-01-17 14:38:07,203 [INFO ]  Rasa server is up and running.
